<?xml version="1.0" encoding="UTF-8"?>
<!-- Generated by org.testng.reporters.JUnitReportReporter -->
<testsuite skipped="0" hostname="DESKTOP-NMH8UGV" name="com.test.Session4.KeyBoardEvents" tests="2" failures="0" timestamp="2020-05-09T09:14:55 CDT" time="16.500" errors="0">
  <testcase name="testKBEvents" time="2.167" classname="com.test.Session4.KeyBoardEvents"/>
  <system-out/>
  <testcase name="login" time="14.333" classname="com.test.Session4.KeyBoardEvents"/>
  <system-out/>
</testsuite> <!-- com.test.Session4.KeyBoardEvents -->
