<?xml version="1.0" encoding="UTF-8"?>
<!-- Generated by org.testng.reporters.JUnitReportReporter -->
<testsuite skipped="0" hostname="DESKTOP-NMH8UGV" name="com.test.Session4.Alert" tests="1" failures="0" timestamp="2020-05-08T23:28:29 CDT" time="3.272" errors="0">
  <testcase name="testAlart" time="3.272" classname="com.test.Session4.Alert"/>
  <system-out/>
</testsuite> <!-- com.test.Session4.Alert -->
