<?xml version="1.0" encoding="UTF-8"?>
<!-- Generated by org.testng.reporters.JUnitReportReporter -->
<testsuite skipped="0" hostname="DESKTOP-NMH8UGV" name="com.test.Session5.WindowHandleDemo" tests="1" failures="0" timestamp="2020-05-09T11:49:17 CDT" time="5.076" errors="0">
  <testcase name="testWhandle" time="5.076" classname="com.test.Session5.WindowHandleDemo"/>
  <system-out/>
</testsuite> <!-- com.test.Session5.WindowHandleDemo -->
