<?xml version="1.0" encoding="UTF-8"?>
<!-- Generated by org.testng.reporters.JUnitReportReporter -->
<testsuite skipped="0" hostname="DESKTOP-NMH8UGV" name="com.test.Session4.IframeDemo" tests="1" failures="0" timestamp="2020-05-08T23:32:27 CDT" time="14.316" errors="0">
  <testcase name="testIframe" time="14.316" classname="com.test.Session4.IframeDemo"/>
  <system-out/>
</testsuite> <!-- com.test.Session4.IframeDemo -->
